Error: listen EADDRINUSE: address already in use :::2567
    at Server.setupListenHandle [as _listen2] (node:net:1940:16)
    at listenInCluster (node:net:1997:12)
    at Server.listen (node:net:2102:7)
    at WebSocketTransport.listen (/root/ServerDEMO/node_modules/@colyseus/ws-transport/src/WebSocketTransport.ts:65:17)
    at /root/ServerDEMO/node_modules/@colyseus/core/src/Server.ts:138:22
    at new Promise (<anonymous>)
    at Server.listen (/root/ServerDEMO/node_modules/@colyseus/core/src/Server.ts:136:12)
    at listen (/root/ServerDEMO/node_modules/@colyseus/arena/src/index.ts:96:10)
    at processTicksAndRejections (node:internal/process/task_queues:105:5)
Error: listen EADDRINUSE: address already in use :::2567
    at Server.setupListenHandle [as _listen2] (node:net:1940:16)
    at listenInCluster (node:net:1997:12)
    at Server.listen (node:net:2102:7)
    at WebSocketTransport.listen (/root/ServerDEMO/node_modules/@colyseus/ws-transport/src/WebSocketTransport.ts:65:17)
    at /root/ServerDEMO/node_modules/@colyseus/core/src/Server.ts:138:22
    at new Promise (<anonymous>)
    at Server.listen (/root/ServerDEMO/node_modules/@colyseus/core/src/Server.ts:136:12)
    at listen (/root/ServerDEMO/node_modules/@colyseus/arena/src/index.ts:96:10)
    at processTicksAndRejections (node:internal/process/task_queues:105:5)
